\BOOKMARK [0][-]{chapter.1}{\376\377\000E\000x\000e\000c\000u\000t\000i\000v\000e\000\040\000S\000u\000m\000m\000a\000r\000y}{}% 1
\BOOKMARK [1][-]{section.1.1}{\376\377\000V\000i\000s\000i\000o\000n\000e\000\040\000S\000t\000r\000a\000t\000e\000g\000i\000c\000a}{chapter.1}% 2
\BOOKMARK [1][-]{section.1.2}{\376\377\000V\000a\000l\000u\000e\000\040\000P\000r\000o\000p\000o\000s\000i\000t\000i\000o\000n}{chapter.1}% 3
\BOOKMARK [1][-]{section.1.3}{\376\377\000S\000i\000n\000t\000e\000s\000i\000\040\000T\000e\000c\000n\000i\000c\000a}{chapter.1}% 4
\BOOKMARK [0][-]{chapter.2}{\376\377\000A\000n\000a\000l\000i\000s\000i\000\040\000d\000e\000l\000l\000o\000\040\000S\000c\000e\000n\000a\000r\000i\000o\000\040\000e\000\040\000B\000u\000s\000i\000n\000e\000s\000s\000\040\000C\000a\000s\000e}{}% 5
\BOOKMARK [1][-]{section.2.1}{\376\377\000R\000a\000z\000i\000o\000n\000a\000l\000e\000\040\000d\000e\000l\000\040\000P\000r\000o\000g\000e\000t\000t\000o}{chapter.2}% 6
\BOOKMARK [1][-]{section.2.2}{\376\377\000A\000n\000a\000l\000i\000s\000i\000\040\000d\000e\000i\000\040\000P\000a\000i\000n\000\040\000P\000o\000i\000n\000t\000s}{chapter.2}% 7
\BOOKMARK [1][-]{section.2.3}{\376\377\000R\000i\000s\000c\000h\000i\000\040\000e\000\040\000I\000m\000p\000a\000t\000t\000o\000\040\000O\000p\000e\000r\000a\000t\000i\000v\000o}{chapter.2}% 8
\BOOKMARK [1][-]{section.2.4}{\376\377\000B\000u\000s\000i\000n\000e\000s\000s\000\040\000C\000a\000s\000e}{chapter.2}% 9
\BOOKMARK [1][-]{section.2.5}{\376\377\000C\000o\000n\000f\000r\000o\000n\000t\000o\000\040\000c\000o\000n\000\040\000l\000e\000\040\000A\000l\000t\000e\000r\000n\000a\000t\000i\000v\000e\000\040\000E\000s\000i\000s\000t\000e\000n\000t\000i}{chapter.2}% 10
\BOOKMARK [0][-]{chapter.3}{\376\377\000O\000b\000i\000e\000t\000t\000i\000v\000i\000\040\000e\000\040\000R\000e\000q\000u\000i\000s\000i\000t\000i\000\040\000d\000e\000l\000\040\000S\000i\000s\000t\000e\000m\000a}{}% 11
\BOOKMARK [1][-]{section.3.1}{\376\377\000O\000b\000i\000e\000t\000t\000i\000v\000i\000\040\000S\000t\000r\000a\000t\000e\000g\000i\000c\000i}{chapter.3}% 12
\BOOKMARK [1][-]{section.3.2}{\376\377\000R\000e\000q\000u\000i\000s\000i\000t\000i\000\040\000F\000u\000n\000z\000i\000o\000n\000a\000l\000i}{chapter.3}% 13
\BOOKMARK [2][-]{subsection.3.2.1}{\376\377\000R\000F\000-\0000\0001\000:\000\040\000P\000i\000p\000e\000l\000i\000n\000e\000\040\000d\000i\000\040\000I\000n\000t\000e\000r\000v\000i\000s\000t\000a\000\040\000a\000\040\0005\000\040\000F\000a\000s\000i}{section.3.2}% 14
\BOOKMARK [2][-]{subsection.3.2.2}{\376\377\000R\000F\000-\0000\0002\000:\000\040\000V\000a\000l\000i\000d\000a\000z\000i\000o\000n\000e\000\040\000A\000u\000t\000o\000m\000a\000t\000i\000c\000a\000\040\000d\000i\000\040\000C\000o\000m\000p\000l\000e\000t\000e\000z\000z\000a}{section.3.2}% 15
\BOOKMARK [2][-]{subsection.3.2.3}{\376\377\000R\000F\000-\0000\0003\000:\000\040\000R\000o\000u\000t\000i\000n\000g\000\040\000I\000n\000t\000e\000l\000l\000i\000g\000e\000n\000t\000e}{section.3.2}% 16
\BOOKMARK [2][-]{subsection.3.2.4}{\376\377\000R\000F\000-\0000\0004\000:\000\040\000G\000e\000n\000e\000r\000a\000z\000i\000o\000n\000e\000\040\000A\000r\000c\000h\000i\000t\000e\000t\000t\000u\000r\000a\000l\000e}{section.3.2}% 17
\BOOKMARK [2][-]{subsection.3.2.5}{\376\377\000R\000F\000-\0000\0005\000:\000\040\000R\000a\000f\000f\000i\000n\000a\000m\000e\000n\000t\000o\000\040\000d\000e\000l\000\040\000M\000o\000d\000e\000l\000l\000o}{section.3.2}% 18
\BOOKMARK [2][-]{subsection.3.2.6}{\376\377\000R\000F\000-\0000\0006\000:\000\040\000G\000e\000s\000t\000i\000o\000n\000e\000\040\000d\000e\000l\000\040\000C\000i\000c\000l\000o\000\040\000d\000i\000\040\000V\000i\000t\000a\000\040\000d\000e\000l\000l\000e\000\040\000B\000o\000z\000z\000e}{section.3.2}% 19
\BOOKMARK [2][-]{subsection.3.2.7}{\376\377\000R\000F\000-\0000\0007\000:\000\040\000F\000r\000o\000n\000t\000e\000n\000d\000\040\000C\000h\000a\000t}{section.3.2}% 20
\BOOKMARK [2][-]{subsection.3.2.8}{\376\377\000R\000F\000-\0000\0008\000:\000\040\000S\000t\000a\000t\000o\000\040\000C\000o\000n\000v\000e\000r\000s\000a\000z\000i\000o\000n\000a\000l\000e\000\040\000P\000e\000r\000s\000i\000s\000t\000e\000n\000t\000e}{section.3.2}% 21
\BOOKMARK [1][-]{section.3.3}{\376\377\000R\000e\000q\000u\000i\000s\000i\000t\000i\000\040\000N\000o\000n\000\040\000F\000u\000n\000z\000i\000o\000n\000a\000l\000i}{chapter.3}% 22
\BOOKMARK [0][-]{chapter.4}{\376\377\000S\000t\000a\000k\000e\000h\000o\000l\000d\000e\000r\000\040\000e\000\040\000R\000u\000o\000l\000i}{}% 23
\BOOKMARK [1][-]{section.4.1}{\376\377\000B\000u\000s\000i\000n\000e\000s\000s\000\040\000S\000t\000a\000k\000e\000h\000o\000l\000d\000e\000r\000\040\000\050\000U\000t\000e\000n\000t\000e\000\040\000I\000n\000t\000e\000r\000v\000i\000s\000t\000a\000t\000o\000\051}{chapter.4}% 24
\BOOKMARK [1][-]{section.4.2}{\376\377\000A\000g\000e\000n\000t\000i\000\040\000I\000n\000t\000e\000r\000v\000i\000s\000t\000a\000t\000o\000r\000i\000\040\000\050\000D\000i\000s\000c\000o\000v\000e\000r\000y\000\040\000P\000i\000p\000e\000l\000i\000n\000e\000\051}{chapter.4}% 25
\BOOKMARK [2][-]{subsection.4.2.1}{\376\377\000R\000e\000g\000o\000l\000e\000\040\000C\000o\000m\000u\000n\000i\000\040\000a\000g\000l\000i\000\040\000A\000g\000e\000n\000t\000i\000\040\000I\000n\000t\000e\000r\000v\000i\000s\000t\000a\000t\000o\000r\000i}{section.4.2}% 26
\BOOKMARK [1][-]{section.4.3}{\376\377\000A\000g\000e\000n\000t\000e\000\040\000d\000i\000\040\000V\000a\000l\000i\000d\000a\000z\000i\000o\000n\000e\000\040\000\050\000O\000r\000c\000h\000e\000s\000t\000r\000a\000t\000o\000r\000\051}{chapter.4}% 27
\BOOKMARK [1][-]{section.4.4}{\376\377\000A\000g\000e\000n\000t\000i\000\040\000d\000i\000\040\000E\000l\000a\000b\000o\000r\000a\000z\000i\000o\000n\000e\000\040\000\050\000P\000o\000s\000t\000-\000D\000i\000s\000c\000o\000v\000e\000r\000y\000\051}{chapter.4}% 28
\BOOKMARK [1][-]{section.4.5}{\376\377\000S\000t\000a\000c\000k\000\040\000d\000i\000\040\000O\000s\000s\000e\000r\000v\000a\000b\000i\000l\000i\000t\000\340}{chapter.4}% 29
\BOOKMARK [1][-]{section.4.6}{\376\377\000M\000a\000t\000r\000i\000c\000e\000\040\000d\000i\000\040\000T\000r\000a\000c\000c\000i\000a\000b\000i\000l\000i\000t\000\340\000\040\000R\000u\000o\000l\000i\000/\000F\000u\000n\000z\000i\000o\000n\000i}{chapter.4}% 30
\BOOKMARK [0][-]{chapter.5}{\376\377\000A\000r\000c\000h\000i\000t\000e\000t\000t\000u\000r\000a\000\040\000d\000e\000l\000\040\000S\000i\000s\000t\000e\000m\000a}{}% 31
\BOOKMARK [1][-]{section.5.1}{\376\377\000V\000i\000s\000i\000o\000n\000e\000\040\000d\000'\000I\000n\000s\000i\000e\000m\000e}{chapter.5}% 32
\BOOKMARK [1][-]{section.5.2}{\376\377\000I\000\040\000P\000i\000l\000a\000s\000t\000r\000i\000\040\000P\000r\000o\000g\000e\000t\000t\000u\000a\000l\000i}{chapter.5}% 33
\BOOKMARK [2][-]{subsection.5.2.1}{\376\377\000O\000r\000c\000h\000e\000s\000t\000r\000a\000z\000i\000o\000n\000e\000\040\000v\000i\000a\000\040\000W\000o\000r\000k\000f\000l\000o\000w\000\040\000\050\000n\0008\000n\000\051}{section.5.2}% 34
\BOOKMARK [2][-]{subsection.5.2.2}{\376\377\000S\000t\000a\000t\000e\000\040\000M\000a\000n\000a\000g\000e\000m\000e\000n\000t\000\040\000C\000e\000n\000t\000r\000a\000l\000i\000z\000z\000a\000t\000o\000\040\000\050\000R\000e\000d\000i\000s\000\051}{section.5.2}% 35
\BOOKMARK [2][-]{subsection.5.2.3}{\376\377\000A\000g\000e\000n\000t\000i\000\040\000S\000p\000e\000c\000i\000a\000l\000i\000z\000z\000a\000t\000i\000\040\000c\000o\000n\000\040\000S\000y\000s\000t\000e\000m\000\040\000P\000r\000o\000m\000p\000t}{section.5.2}% 36
\BOOKMARK [2][-]{subsection.5.2.4}{\376\377\000O\000s\000s\000e\000r\000v\000a\000b\000i\000l\000i\000t\000\340\000\040\000N\000a\000t\000i\000v\000a}{section.5.2}% 37
\BOOKMARK [1][-]{section.5.3}{\376\377\000M\000o\000t\000i\000v\000a\000z\000i\000o\000n\000i\000\040\000d\000e\000l\000l\000e\000\040\000s\000c\000e\000l\000t\000e\000\040\000a\000r\000c\000h\000i\000t\000e\000t\000t\000u\000r\000a\000l\000i}{chapter.5}% 38
\BOOKMARK [1][-]{section.5.4}{\376\377\000F\000l\000u\000s\000s\000o\000\040\000d\000i\000\040\000C\000o\000m\000u\000n\000i\000c\000a\000z\000i\000o\000n\000e\000\040\000E\000n\000d\000-\000t\000o\000-\000E\000n\000d}{chapter.5}% 39
\BOOKMARK [0][-]{chapter.6}{\376\377\000D\000e\000p\000l\000o\000y\000m\000e\000n\000t\000\040\000e\000\040\000C\000o\000n\000t\000a\000i\000n\000e\000r\000i\000z\000z\000a\000z\000i\000o\000n\000e\000\040\000D\000o\000c\000k\000e\000r}{}% 40
\BOOKMARK [1][-]{section.6.1}{\376\377\000S\000e\000r\000v\000i\000z\000i\000\040\000D\000e\000f\000i\000n\000i\000t\000i\000\040\000n\000e\000l\000\040\000D\000o\000c\000k\000e\000r\000\040\000C\000o\000m\000p\000o\000s\000e}{chapter.6}% 41
\BOOKMARK [1][-]{section.6.2}{\376\377\000R\000e\000t\000e\000\040\000D\000o\000c\000k\000e\000r\000,\000\040\000C\000o\000m\000u\000n\000i\000c\000a\000z\000i\000o\000n\000e\000\040\000e\000\040\000D\000i\000p\000e\000n\000d\000e\000n\000z\000e}{chapter.6}% 42
\BOOKMARK [2][-]{subsection.6.2.1}{\376\377\000C\000a\000t\000e\000n\000a\000\040\000d\000i\000\040\000D\000i\000p\000e\000n\000d\000e\000n\000z\000e\000\040\000e\000\040\000O\000r\000d\000i\000n\000e\000\040\000d\000i\000\040\000A\000v\000v\000i\000o}{section.6.2}% 43
\BOOKMARK [1][-]{section.6.3}{\376\377\000V\000o\000l\000u\000m\000i\000\040\000e\000\040\000P\000e\000r\000s\000i\000s\000t\000e\000n\000z\000a\000\040\000d\000e\000i\000\040\000D\000a\000t\000i}{chapter.6}% 44
\BOOKMARK [1][-]{section.6.4}{\376\377\000V\000a\000r\000i\000a\000b\000i\000l\000i\000\040\000d\000'\000A\000m\000b\000i\000e\000n\000t\000e\000\040\000C\000h\000i\000a\000v\000e}{chapter.6}% 45
\BOOKMARK [2][-]{subsection.6.4.1}{\376\377\000n\0008\000n}{section.6.4}% 46
\BOOKMARK [2][-]{subsection.6.4.2}{\376\377\000G\000r\000a\000f\000a\000n\000a}{section.6.4}% 47
\BOOKMARK [1][-]{section.6.5}{\376\377\000P\000o\000l\000i\000t\000i\000c\000h\000e\000\040\000d\000i\000\040\000R\000e\000s\000t\000a\000r\000t}{chapter.6}% 48
\BOOKMARK [0][-]{chapter.7}{\376\377\000P\000i\000p\000e\000l\000i\000n\000e\000\040\000d\000e\000i\000\040\000W\000o\000r\000k\000f\000l\000o\000w\000\040\000n\0008\000n}{}% 49
\BOOKMARK [1][-]{section.7.1}{\376\377\000M\000a\000p\000p\000a\000\040\000d\000e\000i\000\040\000W\000o\000r\000k\000f\000l\000o\000w}{chapter.7}% 50
\BOOKMARK [1][-]{section.7.2}{\376\377\000R\000o\000u\000t\000i\000n\000g\000\040\000W\000o\000r\000k\000f\000l\000o\000w}{chapter.7}% 51
\BOOKMARK [2][-]{subsection.7.2.1}{\376\377\000L\000o\000g\000i\000c\000a\000\040\000d\000i\000\040\000R\000o\000u\000t\000i\000n\000g\000\040\000D\000e\000t\000t\000a\000g\000l\000i\000a\000t\000a}{section.7.2}% 52
\BOOKMARK [1][-]{section.7.3}{\376\377\000D\000i\000s\000c\000o\000v\000e\000r\000y\000\040\000W\000o\000r\000k\000f\000l\000o\000w}{chapter.7}% 53
\BOOKMARK [2][-]{subsection.7.3.1}{\376\377\000F\000l\000u\000s\000s\000o\000\040\000d\000i\000\040\000E\000s\000e\000c\000u\000z\000i\000o\000n\000e}{section.7.3}% 54
\BOOKMARK [2][-]{subsection.7.3.2}{\376\377\000C\000o\000n\000f\000i\000g\000u\000r\000a\000z\000i\000o\000n\000e\000\040\000d\000e\000g\000l\000i\000\040\000A\000g\000e\000n\000t\000i}{section.7.3}% 55
\BOOKMARK [1][-]{section.7.4}{\376\377\000R\000e\000f\000i\000n\000e\000m\000e\000n\000t\000\040\000W\000o\000r\000k\000f\000l\000o\000w}{chapter.7}% 56
\BOOKMARK [2][-]{subsection.7.4.1}{\376\377\000M\000o\000d\000a\000l\000i\000t\000\340\000\040\000E\000x\000p\000l\000a\000i\000n\000\040\000\050\000S\000p\000i\000e\000g\000a\000z\000i\000o\000n\000e\000\051}{section.7.4}% 57
\BOOKMARK [2][-]{subsection.7.4.2}{\376\377\000M\000o\000d\000a\000l\000i\000t\000\340\000\040\000M\000o\000d\000i\000f\000y\000\040\000\050\000M\000o\000d\000i\000f\000i\000c\000a\000\051}{section.7.4}% 58
\BOOKMARK [1][-]{section.7.5}{\376\377\000P\000o\000l\000l\000i\000n\000g\000\040\000W\000o\000r\000k\000f\000l\000o\000w}{chapter.7}% 59
\BOOKMARK [1][-]{section.7.6}{\376\377\000D\000r\000a\000f\000t\000\040\000D\000e\000c\000i\000s\000i\000o\000n\000\040\000W\000o\000r\000k\000f\000l\000o\000w}{chapter.7}% 60
\BOOKMARK [1][-]{section.7.7}{\376\377\000C\000o\000m\000u\000n\000i\000c\000a\000z\000i\000o\000n\000e\000\040\000t\000r\000a\000\040\000W\000o\000r\000k\000f\000l\000o\000w}{chapter.7}% 61
\BOOKMARK [0][-]{chapter.8}{\376\377\000F\000r\000o\000n\000t\000e\000n\000d\000\040\000C\000h\000a\000t}{}% 62
\BOOKMARK [1][-]{section.8.1}{\376\377\000L\000a\000y\000o\000u\000t\000\040\000e\000\040\000D\000e\000s\000i\000g\000n}{chapter.8}% 63
\BOOKMARK [1][-]{section.8.2}{\376\377\000G\000e\000s\000t\000i\000o\000n\000e\000\040\000d\000e\000l\000l\000e\000\040\000S\000e\000s\000s\000i\000o\000n\000i}{chapter.8}% 64
\BOOKMARK [1][-]{section.8.3}{\376\377\000R\000e\000n\000d\000e\000r\000i\000n\000g\000\040\000D\000i\000f\000f\000e\000r\000e\000n\000z\000i\000a\000t\000o\000\040\000d\000e\000i\000\040\000M\000e\000s\000s\000a\000g\000g\000i}{chapter.8}% 65
\BOOKMARK [1][-]{section.8.4}{\376\377\000F\000e\000e\000d\000b\000a\000c\000k\000\040\000V\000i\000s\000u\000a\000l\000e\000\040\000e\000\040\000A\000n\000i\000m\000a\000z\000i\000o\000n\000i}{chapter.8}% 66
\BOOKMARK [1][-]{section.8.5}{\376\377\000P\000u\000l\000s\000a\000n\000t\000i\000\040\000I\000n\000l\000i\000n\000e\000\040\000e\000\040\000S\000e\000l\000e\000z\000i\000o\000n\000e\000\040\000M\000o\000d\000a\000l\000i\000t\000\340}{chapter.8}% 67
\BOOKMARK [1][-]{section.8.6}{\376\377\000M\000e\000c\000c\000a\000n\000i\000s\000m\000o\000\040\000d\000i\000\040\000D\000r\000a\000f\000t\000\040\000c\000o\000n\000\040\000D\000o\000u\000b\000l\000e\000-\000C\000h\000e\000c\000k}{chapter.8}% 68
\BOOKMARK [1][-]{section.8.7}{\376\377\000C\000o\000m\000u\000n\000i\000c\000a\000z\000i\000o\000n\000e\000\040\000c\000o\000n\000\040\000i\000l\000\040\000B\000a\000c\000k\000e\000n\000d}{chapter.8}% 69
\BOOKMARK [1][-]{section.8.8}{\376\377\000G\000e\000s\000t\000i\000o\000n\000e\000\040\000d\000e\000g\000l\000i\000\040\000E\000r\000r\000o\000r\000i}{chapter.8}% 70
\BOOKMARK [0][-]{chapter.9}{\376\377\000D\000e\000s\000i\000g\000n\000\040\000d\000e\000i\000\040\000S\000y\000s\000t\000e\000m\000\040\000P\000r\000o\000m\000p\000t}{}% 71
\BOOKMARK [1][-]{section.9.1}{\376\377\000S\000t\000r\000u\000t\000t\000u\000r\000a\000\040\000C\000o\000m\000u\000n\000e\000\040\000d\000e\000i\000\040\000S\000y\000s\000t\000e\000m\000\040\000P\000r\000o\000m\000p\000t\000\040\000I\000n\000t\000e\000r\000v\000i\000s\000t\000a\000t\000o\000r\000i}{chapter.9}% 72
\BOOKMARK [1][-]{section.9.2}{\376\377\000D\000e\000t\000t\000a\000g\000l\000i\000o\000\040\000p\000e\000r\000\040\000F\000a\000s\000e}{chapter.9}% 73
\BOOKMARK [2][-]{subsection.9.2.1}{\376\377\000F\000a\000s\000e\000\040\0001\000\040\040\024\000\040\000S\000t\000r\000a\000t\000e\000g\000i\000c\000\040\000A\000n\000a\000l\000y\000s\000i\000s}{section.9.2}% 74
\BOOKMARK [2][-]{subsection.9.2.2}{\376\377\000F\000a\000s\000e\000\040\0002\000\040\040\024\000\040\000B\000o\000u\000n\000d\000a\000r\000i\000e\000s\000\040\000a\000n\000d\000\040\000L\000a\000n\000g\000u\000a\000g\000e}{section.9.2}% 75
\BOOKMARK [2][-]{subsection.9.2.3}{\376\377\000F\000a\000s\000e\000\040\0003\000\040\040\024\000\040\000E\000D\000A\000\040\000I\000n\000t\000e\000g\000r\000a\000t\000i\000o\000n}{section.9.2}% 76
\BOOKMARK [2][-]{subsection.9.2.4}{\376\377\000F\000a\000s\000e\000\040\0004\000\040\040\024\000\040\000T\000a\000c\000t\000i\000c\000a\000l\000\040\000P\000a\000t\000t\000e\000r\000n\000s}{section.9.2}% 77
\BOOKMARK [2][-]{subsection.9.2.5}{\376\377\000F\000a\000s\000e\000\040\0005\000\040\040\024\000\040\000T\000e\000c\000h\000n\000i\000c\000a\000l\000\040\000E\000x\000c\000e\000l\000l\000e\000n\000c\000e\000\040\000\046\000\040\000R\000e\000s\000i\000l\000i\000e\000n\000c\000e}{section.9.2}% 78
\BOOKMARK [1][-]{section.9.3}{\376\377\000S\000y\000s\000t\000e\000m\000\040\000P\000r\000o\000m\000p\000t\000\040\000d\000e\000l\000l\000'\000O\000r\000c\000h\000e\000s\000t\000r\000a\000t\000o\000r}{chapter.9}% 79
\BOOKMARK [1][-]{section.9.4}{\376\377\000S\000y\000s\000t\000e\000m\000\040\000P\000r\000o\000m\000p\000t\000\040\000d\000e\000l\000\040\000D\000D\000D\000\040\000A\000n\000a\000l\000y\000s\000t}{chapter.9}% 80
\BOOKMARK [1][-]{section.9.5}{\376\377\000S\000y\000s\000t\000e\000m\000\040\000P\000r\000o\000m\000p\000t\000\040\000d\000e\000l\000\040\000J\000S\000O\000N\000\040\000C\000o\000d\000e\000r}{chapter.9}% 81
\BOOKMARK [1][-]{section.9.6}{\376\377\000S\000y\000s\000t\000e\000m\000\040\000P\000r\000o\000m\000p\000t\000\040\000d\000e\000g\000l\000i\000\040\000A\000g\000e\000n\000t\000i\000\040\000d\000i\000\040\000R\000e\000f\000i\000n\000e\000m\000e\000n\000t}{chapter.9}% 82
\BOOKMARK [2][-]{subsection.9.6.1}{\376\377\000M\000o\000d\000i\000f\000i\000e\000r}{section.9.6}% 83
\BOOKMARK [2][-]{subsection.9.6.2}{\376\377\000E\000x\000p\000l\000a\000i\000n\000e\000r}{section.9.6}% 84
\BOOKMARK [0][-]{chapter.10}{\376\377\000O\000s\000s\000e\000r\000v\000a\000b\000i\000l\000i\000t\000\340}{}% 85
\BOOKMARK [1][-]{section.10.1}{\376\377\000O\000p\000e\000n\000T\000e\000l\000e\000m\000e\000t\000r\000y\000\040\000C\000o\000l\000l\000e\000c\000t\000o\000r\000:\000\040\000L\000'\000H\000u\000b\000\040\000C\000e\000n\000t\000r\000a\000l\000e}{chapter.10}% 86
\BOOKMARK [2][-]{subsection.10.1.1}{\376\377\000R\000e\000c\000e\000i\000v\000e\000r\000s\000\040\000\050\000S\000o\000r\000g\000e\000n\000t\000i\000\040\000D\000a\000t\000i\000\051}{section.10.1}% 87
\BOOKMARK [2][-]{subsection.10.1.2}{\376\377\000P\000r\000o\000c\000e\000s\000s\000o\000r\000s\000\040\000\050\000E\000l\000a\000b\000o\000r\000a\000z\000i\000o\000n\000e\000\051}{section.10.1}% 88
\BOOKMARK [2][-]{subsection.10.1.3}{\376\377\000E\000x\000p\000o\000r\000t\000e\000r\000s\000\040\000\050\000D\000e\000s\000t\000i\000n\000a\000z\000i\000o\000n\000i\000\051}{section.10.1}% 89
\BOOKMARK [1][-]{section.10.2}{\376\377\000L\000o\000k\000i\000:\000\040\000A\000g\000g\000r\000e\000g\000a\000z\000i\000o\000n\000e\000\040\000L\000o\000g}{chapter.10}% 90
\BOOKMARK [1][-]{section.10.3}{\376\377\000P\000r\000o\000m\000e\000t\000h\000e\000u\000s\000:\000\040\000M\000e\000t\000r\000i\000c\000h\000e}{chapter.10}% 91
\BOOKMARK [1][-]{section.10.4}{\376\377\000G\000r\000a\000f\000a\000n\000a\000:\000\040\000V\000i\000s\000u\000a\000l\000i\000z\000z\000a\000z\000i\000o\000n\000e\000\040\000e\000\040\000D\000a\000s\000h\000b\000o\000a\000r\000d}{chapter.10}% 92
\BOOKMARK [0][-]{chapter.11}{\376\377\000P\000r\000o\000b\000l\000e\000m\000i\000,\000\040\000S\000o\000l\000u\000z\000i\000o\000n\000i\000,\000\040\000L\000i\000m\000i\000t\000i\000\040\000e\000\040\000C\000o\000m\000p\000r\000o\000m\000e\000s\000s\000i}{}% 93
\BOOKMARK [1][-]{section.11.1}{\376\377\000P\000r\000o\000b\000l\000e\000m\000i\000\040\000I\000n\000c\000o\000n\000t\000r\000a\000t\000i\000\040\000e\000\040\000S\000o\000l\000u\000z\000i\000o\000n\000i}{chapter.11}% 94
\BOOKMARK [2][-]{subsection.11.1.1}{\376\377\000G\000e\000s\000t\000i\000o\000n\000e\000\040\000d\000e\000l\000\040\000C\000o\000n\000t\000e\000s\000t\000o\000\040\000L\000L\000M\000\040\000n\000e\000l\000l\000e\000\040\000C\000o\000n\000v\000e\000r\000s\000a\000z\000i\000o\000n\000i\000\040\000M\000u\000l\000t\000i\000-\000F\000a\000s\000e}{section.11.1}% 95
\BOOKMARK [2][-]{subsection.11.1.2}{\376\377\000L\000a\000t\000e\000n\000z\000a\000\040\000d\000e\000l\000l\000a\000\040\000G\000e\000n\000e\000r\000a\000z\000i\000o\000n\000e\000\040\000d\000e\000l\000\040\000M\000o\000d\000e\000l\000l\000o}{section.11.1}% 96
\BOOKMARK [2][-]{subsection.11.1.3}{\376\377\000V\000a\000l\000i\000d\000i\000t\000\340\000\040\000d\000e\000l\000\040\000J\000S\000O\000N\000\040\000G\000e\000n\000e\000r\000a\000t\000o}{section.11.1}% 97
\BOOKMARK [2][-]{subsection.11.1.4}{\376\377\000A\000n\000t\000i\000-\000B\000l\000e\000e\000d\000i\000n\000g\000\040\000t\000r\000a\000\040\000F\000a\000s\000i}{section.11.1}% 98
\BOOKMARK [2][-]{subsection.11.1.5}{\376\377\000E\000v\000a\000s\000i\000v\000i\000t\000\340\000\040\000d\000e\000l\000l\000'\000U\000t\000e\000n\000t\000e}{section.11.1}% 99
\BOOKMARK [1][-]{section.11.2}{\376\377\000L\000i\000m\000i\000t\000i\000\040\000d\000e\000l\000\040\000S\000i\000s\000t\000e\000m\000a}{chapter.11}% 100
\BOOKMARK [2][-]{subsection.11.2.1}{\376\377\000L\000i\000m\000i\000t\000i\000\040\000S\000t\000r\000u\000t\000t\000u\000r\000a\000l\000i}{section.11.2}% 101
\BOOKMARK [2][-]{subsection.11.2.2}{\376\377\000L\000i\000m\000i\000t\000i\000\040\000L\000e\000g\000a\000t\000i\000\040\000a\000l\000l\000'\000I\000n\000f\000e\000r\000e\000n\000z\000a\000\040\000L\000o\000c\000a\000l\000e}{section.11.2}% 102
\BOOKMARK [1][-]{section.11.3}{\376\377\000C\000o\000m\000p\000r\000o\000m\000e\000s\000s\000i\000\040\000P\000r\000o\000g\000e\000t\000t\000u\000a\000l\000i}{chapter.11}% 103
\BOOKMARK [0][-]{chapter.12}{\376\377\000C\000o\000n\000c\000l\000u\000s\000i\000o\000n\000i\000\040\000e\000\040\000S\000v\000i\000l\000u\000p\000p\000i\000\040\000F\000u\000t\000u\000r\000i}{}% 104
\BOOKMARK [1][-]{section.12.1}{\376\377\000S\000i\000n\000t\000e\000s\000i\000\040\000d\000e\000i\000\040\000R\000i\000s\000u\000l\000t\000a\000t\000i}{chapter.12}% 105
\BOOKMARK [1][-]{section.12.2}{\376\377\000S\000v\000i\000l\000u\000p\000p\000i\000\040\000F\000u\000t\000u\000r\000i}{chapter.12}% 106
\BOOKMARK [2][-]{subsection.12.2.1}{\376\377\000E\000v\000o\000l\000u\000z\000i\000o\000n\000e\000\040\000d\000e\000l\000l\000o\000\040\000S\000t\000a\000c\000k\000\040\000d\000i\000\040\000O\000s\000s\000e\000r\000v\000a\000b\000i\000l\000i\000t\000\340}{section.12.2}% 107
\BOOKMARK [2][-]{subsection.12.2.2}{\376\377\000V\000a\000l\000i\000d\000a\000z\000i\000o\000n\000e\000\040\000A\000u\000t\000o\000m\000a\000t\000i\000c\000a\000\040\000d\000e\000l\000\040\000J\000S\000O\000N}{section.12.2}% 108
\BOOKMARK [2][-]{subsection.12.2.3}{\376\377\000S\000u\000p\000p\000o\000r\000t\000o\000\040\000M\000u\000l\000t\000i\000-\000L\000i\000n\000g\000u\000a}{section.12.2}% 109
\BOOKMARK [2][-]{subsection.12.2.4}{\376\377\000E\000v\000o\000l\000u\000z\000i\000o\000n\000e\000\040\000d\000e\000l\000\040\000M\000o\000t\000o\000r\000e\000\040\000d\000i\000\040\000M\000o\000d\000i\000f\000i\000c\000a\000\040\000D\000e\000t\000e\000r\000m\000i\000n\000i\000s\000t\000i\000c\000o}{section.12.2}% 110
\BOOKMARK [2][-]{subsection.12.2.5}{\376\377\000P\000o\000t\000e\000n\000z\000i\000a\000m\000e\000n\000t\000o\000\040\000d\000e\000l\000l\000a\000\040\000G\000r\000a\000n\000u\000l\000a\000r\000i\000t\000\340\000\040\000D\000e\000s\000c\000r\000i\000t\000t\000i\000v\000a}{section.12.2}% 111
\BOOKMARK [2][-]{subsection.12.2.6}{\376\377\000I\000n\000t\000e\000g\000r\000a\000z\000i\000o\000n\000e\000\040\000c\000o\000n\000\040\000i\000l\000\040\000P\000i\000p\000e\000l\000i\000n\000e\000\040\000M\000u\000l\000t\000i\000-\000A\000g\000e\000n\000t\000e}{section.12.2}% 112
\BOOKMARK [2][-]{subsection.12.2.7}{\376\377\000P\000e\000r\000s\000i\000s\000t\000e\000n\000z\000a\000\040\000L\000o\000n\000g\000-\000T\000e\000r\000m\000\040\000e\000\040\000V\000e\000r\000s\000i\000o\000n\000i\000n\000g}{section.12.2}% 113
\BOOKMARK [0][-]{chapter.13}{\376\377\000C\000a\000s\000o\000\040\000d\000i\000\040\000S\000t\000u\000d\000i\000o\000:\000\040\000D\000o\000c\000O\000n\000T\000i\000m\000e}{}% 114
\BOOKMARK [1][-]{section.13.1}{\376\377\000F\000a\000s\000i\000\040\000d\000i\000\040\000D\000i\000s\000c\000o\000v\000e\000r\000y\000\040\000e\000\040\000I\000n\000t\000e\000r\000v\000i\000s\000t\000a}{chapter.13}% 115
\BOOKMARK [1][-]{section.13.2}{\376\377\000O\000u\000t\000p\000u\000t\000\040\000e\000\040\000M\000o\000d\000e\000l\000l\000o\000\040\000A\000r\000c\000h\000i\000t\000e\000t\000t\000u\000r\000a\000l\000e}{chapter.13}% 116
\BOOKMARK [1][-]{section.13.3}{\376\377\000F\000a\000s\000e\000\040\000d\000i\000\040\000S\000p\000i\000e\000g\000a\000z\000i\000o\000n\000e}{chapter.13}% 117
\BOOKMARK [1][-]{section.13.4}{\376\377\000F\000a\000s\000e\000\040\000d\000i\000\040\000M\000o\000d\000i\000f\000i\000c\000a}{chapter.13}% 118
\BOOKMARK [1][-]{section.13.5}{\376\377\000C\000o\000n\000f\000r\000o\000n\000t\000o\000\040\000M\000o\000d\000e\000l\000l\000i\000\040\000J\000S\000O\000N}{chapter.13}% 119
